INFO:requests.packages.urllib3.connectionpool:Starting new HTTPS connection (1): vcloudcell.prologue.prl
DEBUG:requests.packages.urllib3.connectionpool:"POST /api/sessions HTTP/1.1" 200 1349
INFO:root:authenification succeeded
INFO:requests.packages.urllib3.connectionpool:Starting new HTTPS connection (1): vcloudcell.prologue.prl
DEBUG:requests.packages.urllib3.connectionpool:"GET /api/org/9f8a1366-79fa-43ac-9f79-5cd2dd3c5a61 HTTP/1.1" 200 696
INFO:requests.packages.urllib3.connectionpool:Starting new HTTPS connection (1): vcloudcell.prologue.prl
DEBUG:requests.packages.urllib3.connectionpool:"GET /api/vdc/351bdd7f-8197-4c98-8c90-35b154aee3ab HTTP/1.1" 200 1444
INFO:root:virtual datacenter founded
INFO:root:vAppTemplate Ubuntu12.04 x86_64 found
INFO:requests.packages.urllib3.connectionpool:Starting new HTTPS connection (1): vcloudcell.prologue.prl
DEBUG:requests.packages.urllib3.connectionpool:"GET /api/vdc/351bdd7f-8197-4c98-8c90-35b154aee3ab HTTP/1.1" 200 1444
ERROR:root: VM21 not found
WARNING:root:vApp already exists, please delete vApp before creating
INFO:requests.packages.urllib3.connectionpool:Starting new HTTPS connection (1): vcloudcell.prologue.prl
DEBUG:requests.packages.urllib3.connectionpool:"POST /api/sessions HTTP/1.1" 200 1349
INFO:root:authenification succeeded
INFO:requests.packages.urllib3.connectionpool:Starting new HTTPS connection (1): vcloudcell.prologue.prl
DEBUG:requests.packages.urllib3.connectionpool:"GET /api/org/9f8a1366-79fa-43ac-9f79-5cd2dd3c5a61 HTTP/1.1" 200 696
INFO:requests.packages.urllib3.connectionpool:Starting new HTTPS connection (1): vcloudcell.prologue.prl
DEBUG:requests.packages.urllib3.connectionpool:"GET /api/vdc/351bdd7f-8197-4c98-8c90-35b154aee3ab HTTP/1.1" 200 1444
INFO:root:virtual datacenter founded
INFO:root:vAppTemplate Ubuntu12.04 x86_64 found
INFO:requests.packages.urllib3.connectionpool:Starting new HTTPS connection (1): vcloudcell.prologue.prl
DEBUG:requests.packages.urllib3.connectionpool:"GET /api/vdc/351bdd7f-8197-4c98-8c90-35b154aee3ab HTTP/1.1" 200 1444
ERROR:root: VM21 not found
INFO:requests.packages.urllib3.connectionpool:Starting new HTTPS connection (1): vcloudcell.prologue.prl
DEBUG:requests.packages.urllib3.connectionpool:"GET /api/vdc/351bdd7f-8197-4c98-8c90-35b154aee3ab HTTP/1.1" 200 1444
INFO:requests.packages.urllib3.connectionpool:Starting new HTTPS connection (1): vcloudcell.prologue.prl
DEBUG:requests.packages.urllib3.connectionpool:"GET /api/catalog/c87a7708-b0b6-46cd-9ec5-0c6eab91ac32 HTTP/1.1" 200 809
INFO:requests.packages.urllib3.connectionpool:Starting new HTTPS connection (1): vcloudcell.prologue.prl
DEBUG:requests.packages.urllib3.connectionpool:"GET /api/catalogItem/d47de65a-f3ca-4757-b112-e2548472b2d5 HTTP/1.1" 200 518
INFO:requests.packages.urllib3.connectionpool:Starting new HTTPS connection (1): vcloudcell.prologue.prl
DEBUG:requests.packages.urllib3.connectionpool:"POST /api/vdc/351bdd7f-8197-4c98-8c90-35b154aee3ab/action/instantiateVAppTemplate HTTP/1.1" 201 888
INFO:requests.packages.urllib3.connectionpool:Starting new HTTPS connection (1): vcloudcell.prologue.prl
DEBUG:requests.packages.urllib3.connectionpool:"GET /api/task/7e140ca9-b36d-4ab6-aa4e-f4418a5e3d4e HTTP/1.1" 200 635
INFO:requests.packages.urllib3.connectionpool:Starting new HTTPS connection (1): vcloudcell.prologue.prl
DEBUG:requests.packages.urllib3.connectionpool:"GET /api/task/7e140ca9-b36d-4ab6-aa4e-f4418a5e3d4e HTTP/1.1" 200 635
INFO:requests.packages.urllib3.connectionpool:Starting new HTTPS connection (1): vcloudcell.prologue.prl
DEBUG:requests.packages.urllib3.connectionpool:"GET /api/task/7e140ca9-b36d-4ab6-aa4e-f4418a5e3d4e HTTP/1.1" 200 636
INFO:requests.packages.urllib3.connectionpool:Starting new HTTPS connection (1): vcloudcell.prologue.prl
DEBUG:requests.packages.urllib3.connectionpool:"GET /api/task/7e140ca9-b36d-4ab6-aa4e-f4418a5e3d4e HTTP/1.1" 200 636
INFO:requests.packages.urllib3.connectionpool:Starting new HTTPS connection (1): vcloudcell.prologue.prl
DEBUG:requests.packages.urllib3.connectionpool:"GET /api/task/7e140ca9-b36d-4ab6-aa4e-f4418a5e3d4e HTTP/1.1" 200 636
INFO:requests.packages.urllib3.connectionpool:Starting new HTTPS connection (1): vcloudcell.prologue.prl
DEBUG:requests.packages.urllib3.connectionpool:"GET /api/task/7e140ca9-b36d-4ab6-aa4e-f4418a5e3d4e HTTP/1.1" 200 636
INFO:requests.packages.urllib3.connectionpool:Starting new HTTPS connection (1): vcloudcell.prologue.prl
DEBUG:requests.packages.urllib3.connectionpool:"GET /api/task/7e140ca9-b36d-4ab6-aa4e-f4418a5e3d4e HTTP/1.1" 200 636
INFO:requests.packages.urllib3.connectionpool:Starting new HTTPS connection (1): vcloudcell.prologue.prl
DEBUG:requests.packages.urllib3.connectionpool:"GET /api/task/7e140ca9-b36d-4ab6-aa4e-f4418a5e3d4e HTTP/1.1" 200 636
INFO:requests.packages.urllib3.connectionpool:Starting new HTTPS connection (1): vcloudcell.prologue.prl
DEBUG:requests.packages.urllib3.connectionpool:"GET /api/task/7e140ca9-b36d-4ab6-aa4e-f4418a5e3d4e HTTP/1.1" 200 622
INFO:root:deploying vApp succeeded
INFO:requests.packages.urllib3.connectionpool:Starting new HTTPS connection (1): vcloudcell.prologue.prl
DEBUG:requests.packages.urllib3.connectionpool:"GET /api/vdc/351bdd7f-8197-4c98-8c90-35b154aee3ab HTTP/1.1" 200 1476
INFO:requests.packages.urllib3.connectionpool:Starting new HTTPS connection (1): vcloudcell.prologue.prl
DEBUG:requests.packages.urllib3.connectionpool:"GET /api/vApp/vapp-62ff97f1-28c9-49b0-8634-2c2c054d83dc HTTP/1.1" 200 3325
INFO:root: VM21 found
INFO:requests.packages.urllib3.connectionpool:Starting new HTTPS connection (1): vcloudcell.prologue.prl
DEBUG:requests.packages.urllib3.connectionpool:"GET /api/vdc/351bdd7f-8197-4c98-8c90-35b154aee3ab HTTP/1.1" 200 1476
INFO:requests.packages.urllib3.connectionpool:Starting new HTTPS connection (1): vcloudcell.prologue.prl
DEBUG:requests.packages.urllib3.connectionpool:"GET /api/vApp/vapp-62ff97f1-28c9-49b0-8634-2c2c054d83dc HTTP/1.1" 200 3325
INFO:root: VM21 found
INFO:requests.packages.urllib3.connectionpool:Starting new HTTPS connection (1): vcloudcell.prologue.prl
DEBUG:requests.packages.urllib3.connectionpool:"PUT /api/vApp/vm-d5dab1f0-6052-40f9-9e50-83208d33dc50/guestCustomizationSection/ HTTP/1.1" 202 631
INFO:requests.packages.urllib3.connectionpool:Starting new HTTPS connection (1): vcloudcell.prologue.prl
DEBUG:requests.packages.urllib3.connectionpool:"GET /api/task/82d56de4-6e8d-4585-b24b-9951e0540172 HTTP/1.1" 200 616
INFO:root:reconfiguring vApp succeeded
INFO:requests.packages.urllib3.connectionpool:Starting new HTTPS connection (1): vcloudcell.prologue.prl
DEBUG:requests.packages.urllib3.connectionpool:"GET /api/vdc/351bdd7f-8197-4c98-8c90-35b154aee3ab HTTP/1.1" 200 1476
INFO:requests.packages.urllib3.connectionpool:Starting new HTTPS connection (1): vcloudcell.prologue.prl
DEBUG:requests.packages.urllib3.connectionpool:"GET /api/admin/vdc/351bdd7f-8197-4c98-8c90-35b154aee3ab/edgeGateways HTTP/1.1" 200 617
INFO:requests.packages.urllib3.connectionpool:Starting new HTTPS connection (1): vcloudcell.prologue.prl
DEBUG:requests.packages.urllib3.connectionpool:"GET /api/admin/edgeGateway/9168ffd1-33c1-42fd-a29c-57564cad6b25 HTTP/1.1" 200 1151
INFO:requests.packages.urllib3.connectionpool:Starting new HTTPS connection (1): vcloudcell.prologue.prl
DEBUG:requests.packages.urllib3.connectionpool:"GET /api/vdc/351bdd7f-8197-4c98-8c90-35b154aee3ab HTTP/1.1" 200 1476
INFO:requests.packages.urllib3.connectionpool:Starting new HTTPS connection (1): vcloudcell.prologue.prl
DEBUG:requests.packages.urllib3.connectionpool:"GET /api/network/ff0f6f0e-8d16-43a5-8230-485f9a8ea8f4 HTTP/1.1" 200 657
INFO:requests.packages.urllib3.connectionpool:Starting new HTTPS connection (1): vcloudcell.prologue.prl
DEBUG:requests.packages.urllib3.connectionpool:"GET /api/network/e9604656-6d04-464a-85a8-f3a562263fcf HTTP/1.1" 200 672
INFO:requests.packages.urllib3.connectionpool:Starting new HTTPS connection (1): vcloudcell.prologue.prl
DEBUG:requests.packages.urllib3.connectionpool:"GET /api/vdc/351bdd7f-8197-4c98-8c90-35b154aee3ab HTTP/1.1" 200 1476
INFO:requests.packages.urllib3.connectionpool:Starting new HTTPS connection (1): vcloudcell.prologue.prl
DEBUG:requests.packages.urllib3.connectionpool:"GET /api/vdc/351bdd7f-8197-4c98-8c90-35b154aee3ab HTTP/1.1" 200 1476
INFO:requests.packages.urllib3.connectionpool:Starting new HTTPS connection (1): vcloudcell.prologue.prl
DEBUG:requests.packages.urllib3.connectionpool:"GET /api/admin/vdc/351bdd7f-8197-4c98-8c90-35b154aee3ab/edgeGateways HTTP/1.1" 200 617
INFO:requests.packages.urllib3.connectionpool:Starting new HTTPS connection (1): vcloudcell.prologue.prl
DEBUG:requests.packages.urllib3.connectionpool:"GET /api/admin/edgeGateway/9168ffd1-33c1-42fd-a29c-57564cad6b25 HTTP/1.1" 200 1151
INFO:requests.packages.urllib3.connectionpool:Starting new HTTPS connection (1): vcloudcell.prologue.prl
DEBUG:requests.packages.urllib3.connectionpool:"POST /api/admin/vdc/351bdd7f-8197-4c98-8c90-35b154aee3ab/networks HTTP/1.1" 201 1044
INFO:requests.packages.urllib3.connectionpool:Starting new HTTPS connection (1): vcloudcell.prologue.prl
DEBUG:requests.packages.urllib3.connectionpool:"GET /api/task/fdb5f4cb-b7e7-4a5b-9ac2-b1b6cdc85b28 HTTP/1.1" 200 621
INFO:requests.packages.urllib3.connectionpool:Starting new HTTPS connection (1): vcloudcell.prologue.prl
DEBUG:requests.packages.urllib3.connectionpool:"GET /api/task/fdb5f4cb-b7e7-4a5b-9ac2-b1b6cdc85b28 HTTP/1.1" 200 621
INFO:requests.packages.urllib3.connectionpool:Starting new HTTPS connection (1): vcloudcell.prologue.prl
DEBUG:requests.packages.urllib3.connectionpool:"GET /api/task/fdb5f4cb-b7e7-4a5b-9ac2-b1b6cdc85b28 HTTP/1.1" 200 621
INFO:requests.packages.urllib3.connectionpool:Starting new HTTPS connection (1): vcloudcell.prologue.prl
DEBUG:requests.packages.urllib3.connectionpool:"GET /api/task/fdb5f4cb-b7e7-4a5b-9ac2-b1b6cdc85b28 HTTP/1.1" 200 621
INFO:requests.packages.urllib3.connectionpool:Starting new HTTPS connection (1): vcloudcell.prologue.prl
DEBUG:requests.packages.urllib3.connectionpool:"GET /api/task/fdb5f4cb-b7e7-4a5b-9ac2-b1b6cdc85b28 HTTP/1.1" 200 621
INFO:requests.packages.urllib3.connectionpool:Starting new HTTPS connection (1): vcloudcell.prologue.prl
DEBUG:requests.packages.urllib3.connectionpool:"GET /api/task/fdb5f4cb-b7e7-4a5b-9ac2-b1b6cdc85b28 HTTP/1.1" 200 621
INFO:requests.packages.urllib3.connectionpool:Starting new HTTPS connection (1): vcloudcell.prologue.prl
DEBUG:requests.packages.urllib3.connectionpool:"GET /api/task/fdb5f4cb-b7e7-4a5b-9ac2-b1b6cdc85b28 HTTP/1.1" 200 621
INFO:requests.packages.urllib3.connectionpool:Starting new HTTPS connection (1): vcloudcell.prologue.prl
DEBUG:requests.packages.urllib3.connectionpool:"GET /api/task/fdb5f4cb-b7e7-4a5b-9ac2-b1b6cdc85b28 HTTP/1.1" 200 621
INFO:requests.packages.urllib3.connectionpool:Starting new HTTPS connection (1): vcloudcell.prologue.prl
DEBUG:requests.packages.urllib3.connectionpool:"GET /api/task/fdb5f4cb-b7e7-4a5b-9ac2-b1b6cdc85b28 HTTP/1.1" 200 621
INFO:requests.packages.urllib3.connectionpool:Starting new HTTPS connection (1): vcloudcell.prologue.prl
DEBUG:requests.packages.urllib3.connectionpool:"GET /api/task/fdb5f4cb-b7e7-4a5b-9ac2-b1b6cdc85b28 HTTP/1.1" 200 621
INFO:requests.packages.urllib3.connectionpool:Starting new HTTPS connection (1): vcloudcell.prologue.prl
DEBUG:requests.packages.urllib3.connectionpool:"GET /api/task/fdb5f4cb-b7e7-4a5b-9ac2-b1b6cdc85b28 HTTP/1.1" 200 621
INFO:requests.packages.urllib3.connectionpool:Starting new HTTPS connection (1): vcloudcell.prologue.prl
DEBUG:requests.packages.urllib3.connectionpool:"GET /api/task/fdb5f4cb-b7e7-4a5b-9ac2-b1b6cdc85b28 HTTP/1.1" 200 621
INFO:requests.packages.urllib3.connectionpool:Starting new HTTPS connection (1): vcloudcell.prologue.prl
DEBUG:requests.packages.urllib3.connectionpool:"GET /api/task/fdb5f4cb-b7e7-4a5b-9ac2-b1b6cdc85b28 HTTP/1.1" 200 621
INFO:requests.packages.urllib3.connectionpool:Starting new HTTPS connection (1): vcloudcell.prologue.prl
DEBUG:requests.packages.urllib3.connectionpool:"GET /api/task/fdb5f4cb-b7e7-4a5b-9ac2-b1b6cdc85b28 HTTP/1.1" 200 621
INFO:requests.packages.urllib3.connectionpool:Starting new HTTPS connection (1): vcloudcell.prologue.prl
DEBUG:requests.packages.urllib3.connectionpool:"GET /api/task/fdb5f4cb-b7e7-4a5b-9ac2-b1b6cdc85b28 HTTP/1.1" 200 621
INFO:requests.packages.urllib3.connectionpool:Starting new HTTPS connection (1): vcloudcell.prologue.prl
DEBUG:requests.packages.urllib3.connectionpool:"GET /api/task/fdb5f4cb-b7e7-4a5b-9ac2-b1b6cdc85b28 HTTP/1.1" 200 621
INFO:requests.packages.urllib3.connectionpool:Starting new HTTPS connection (1): vcloudcell.prologue.prl
DEBUG:requests.packages.urllib3.connectionpool:"GET /api/task/fdb5f4cb-b7e7-4a5b-9ac2-b1b6cdc85b28 HTTP/1.1" 200 609
INFO:root:creating vDC Network succeeded
INFO:requests.packages.urllib3.connectionpool:Starting new HTTPS connection (1): vcloudcell.prologue.prl
DEBUG:requests.packages.urllib3.connectionpool:"GET /api/vdc/351bdd7f-8197-4c98-8c90-35b154aee3ab HTTP/1.1" 200 1508
INFO:requests.packages.urllib3.connectionpool:Starting new HTTPS connection (1): vcloudcell.prologue.prl
DEBUG:requests.packages.urllib3.connectionpool:"GET /api/admin/vdc/351bdd7f-8197-4c98-8c90-35b154aee3ab/networks HTTP/1.1" 200 811
INFO:requests.packages.urllib3.connectionpool:Starting new HTTPS connection (1): vcloudcell.prologue.prl
DEBUG:requests.packages.urllib3.connectionpool:"GET /api/vdc/351bdd7f-8197-4c98-8c90-35b154aee3ab HTTP/1.1" 200 1508
INFO:requests.packages.urllib3.connectionpool:Starting new HTTPS connection (1): vcloudcell.prologue.prl
DEBUG:requests.packages.urllib3.connectionpool:"GET /api/vApp/vapp-62ff97f1-28c9-49b0-8634-2c2c054d83dc HTTP/1.1" 200 3352
INFO:root: VM21 found
INFO:requests.packages.urllib3.connectionpool:Starting new HTTPS connection (1): vcloudcell.prologue.prl
DEBUG:requests.packages.urllib3.connectionpool:"PUT /api/vApp/vapp-62ff97f1-28c9-49b0-8634-2c2c054d83dc/networkConfigSection/ HTTP/1.1" 202 629
INFO:requests.packages.urllib3.connectionpool:Starting new HTTPS connection (1): vcloudcell.prologue.prl
DEBUG:requests.packages.urllib3.connectionpool:"GET /api/task/f4c2608d-160c-4a77-9f0b-7f0314f683f4 HTTP/1.1" 200 615
INFO:root:Adding vDC net to vApp succeeded
INFO:requests.packages.urllib3.connectionpool:Starting new HTTPS connection (1): vcloudcell.prologue.prl
DEBUG:requests.packages.urllib3.connectionpool:"GET /api/vdc/351bdd7f-8197-4c98-8c90-35b154aee3ab HTTP/1.1" 200 1508
INFO:requests.packages.urllib3.connectionpool:Starting new HTTPS connection (1): vcloudcell.prologue.prl
DEBUG:requests.packages.urllib3.connectionpool:"GET /api/vApp/vapp-62ff97f1-28c9-49b0-8634-2c2c054d83dc HTTP/1.1" 200 3616
INFO:root: VM21 found
INFO:requests.packages.urllib3.connectionpool:Starting new HTTPS connection (1): vcloudcell.prologue.prl
DEBUG:requests.packages.urllib3.connectionpool:"PUT /api/vApp/vm-d5dab1f0-6052-40f9-9e50-83208d33dc50/networkConnectionSection/ HTTP/1.1" 202 629
INFO:requests.packages.urllib3.connectionpool:Starting new HTTPS connection (1): vcloudcell.prologue.prl
DEBUG:requests.packages.urllib3.connectionpool:"GET /api/task/b05f5a87-a3df-450a-91f7-fd0b87aab406 HTTP/1.1" 200 617
INFO:root:Connecting vDC net to vApp succeeded
INFO:requests.packages.urllib3.connectionpool:Starting new HTTPS connection (1): vcloudcell.prologue.prl
DEBUG:requests.packages.urllib3.connectionpool:"GET /api/vdc/351bdd7f-8197-4c98-8c90-35b154aee3ab HTTP/1.1" 200 1508
INFO:requests.packages.urllib3.connectionpool:Starting new HTTPS connection (1): vcloudcell.prologue.prl
DEBUG:requests.packages.urllib3.connectionpool:"GET /api/vApp/vapp-62ff97f1-28c9-49b0-8634-2c2c054d83dc HTTP/1.1" 200 3528
INFO:root: VM21 found
INFO:root:save services configuration
INFO:requests.packages.urllib3.connectionpool:Starting new HTTPS connection (1): vcloudcell.prologue.prl
WARNING:root:Certificate verify failed
INFO:requests.packages.urllib3.connectionpool:Starting new HTTPS connection (1): vcloudcell.prologue.prl
WARNING:root:Certificate verification failed
INFO:root:save services configuration
INFO:requests.packages.urllib3.connectionpool:Starting new HTTPS connection (1): vcloudcell.prologue.prl
WARNING:root:Certificate verify failed
INFO:root:First powering on with force guest customization
INFO:requests.packages.urllib3.connectionpool:Starting new HTTPS connection (1): vcloudcell.prologue.prl
DEBUG:requests.packages.urllib3.connectionpool:"GET /api/vdc/351bdd7f-8197-4c98-8c90-35b154aee3ab HTTP/1.1" 200 1508
INFO:requests.packages.urllib3.connectionpool:Starting new HTTPS connection (1): vcloudcell.prologue.prl
DEBUG:requests.packages.urllib3.connectionpool:"GET /api/vApp/vapp-62ff97f1-28c9-49b0-8634-2c2c054d83dc HTTP/1.1" 200 3528
INFO:root: VM21 found
INFO:requests.packages.urllib3.connectionpool:Starting new HTTPS connection (1): vcloudcell.prologue.prl
DEBUG:requests.packages.urllib3.connectionpool:"POST /api/vApp/vm-d5dab1f0-6052-40f9-9e50-83208d33dc50/action/deploy HTTP/1.1" 202 628
INFO:requests.packages.urllib3.connectionpool:Starting new HTTPS connection (1): vcloudcell.prologue.prl
DEBUG:requests.packages.urllib3.connectionpool:"GET /api/task/1870d959-79f8-4190-bb93-e5a617a095ed HTTP/1.1" 200 628
INFO:requests.packages.urllib3.connectionpool:Starting new HTTPS connection (1): vcloudcell.prologue.prl
DEBUG:requests.packages.urllib3.connectionpool:"GET /api/task/1870d959-79f8-4190-bb93-e5a617a095ed HTTP/1.1" 200 628
INFO:requests.packages.urllib3.connectionpool:Starting new HTTPS connection (1): vcloudcell.prologue.prl
DEBUG:requests.packages.urllib3.connectionpool:"GET /api/task/1870d959-79f8-4190-bb93-e5a617a095ed HTTP/1.1" 200 628
INFO:requests.packages.urllib3.connectionpool:Starting new HTTPS connection (1): vcloudcell.prologue.prl
DEBUG:requests.packages.urllib3.connectionpool:"GET /api/task/1870d959-79f8-4190-bb93-e5a617a095ed HTTP/1.1" 200 628
INFO:requests.packages.urllib3.connectionpool:Starting new HTTPS connection (1): vcloudcell.prologue.prl
DEBUG:requests.packages.urllib3.connectionpool:"GET /api/task/1870d959-79f8-4190-bb93-e5a617a095ed HTTP/1.1" 200 628
INFO:requests.packages.urllib3.connectionpool:Starting new HTTPS connection (1): vcloudcell.prologue.prl
DEBUG:requests.packages.urllib3.connectionpool:"GET /api/task/1870d959-79f8-4190-bb93-e5a617a095ed HTTP/1.1" 200 628
INFO:requests.packages.urllib3.connectionpool:Starting new HTTPS connection (1): vcloudcell.prologue.prl
DEBUG:requests.packages.urllib3.connectionpool:"GET /api/task/1870d959-79f8-4190-bb93-e5a617a095ed HTTP/1.1" 200 628
INFO:requests.packages.urllib3.connectionpool:Starting new HTTPS connection (1): vcloudcell.prologue.prl
DEBUG:requests.packages.urllib3.connectionpool:"GET /api/task/1870d959-79f8-4190-bb93-e5a617a095ed HTTP/1.1" 200 628
INFO:requests.packages.urllib3.connectionpool:Starting new HTTPS connection (1): vcloudcell.prologue.prl
DEBUG:requests.packages.urllib3.connectionpool:"GET /api/task/1870d959-79f8-4190-bb93-e5a617a095ed HTTP/1.1" 200 628
INFO:requests.packages.urllib3.connectionpool:Starting new HTTPS connection (1): vcloudcell.prologue.prl
DEBUG:requests.packages.urllib3.connectionpool:"GET /api/task/1870d959-79f8-4190-bb93-e5a617a095ed HTTP/1.1" 200 628
INFO:requests.packages.urllib3.connectionpool:Starting new HTTPS connection (1): vcloudcell.prologue.prl
DEBUG:requests.packages.urllib3.connectionpool:"GET /api/task/1870d959-79f8-4190-bb93-e5a617a095ed HTTP/1.1" 200 628
INFO:requests.packages.urllib3.connectionpool:Starting new HTTPS connection (1): vcloudcell.prologue.prl
DEBUG:requests.packages.urllib3.connectionpool:"GET /api/task/1870d959-79f8-4190-bb93-e5a617a095ed HTTP/1.1" 200 628
INFO:requests.packages.urllib3.connectionpool:Starting new HTTPS connection (1): vcloudcell.prologue.prl
DEBUG:requests.packages.urllib3.connectionpool:"GET /api/task/1870d959-79f8-4190-bb93-e5a617a095ed HTTP/1.1" 200 628
INFO:requests.packages.urllib3.connectionpool:Starting new HTTPS connection (1): vcloudcell.prologue.prl
DEBUG:requests.packages.urllib3.connectionpool:"GET /api/task/1870d959-79f8-4190-bb93-e5a617a095ed HTTP/1.1" 200 628
INFO:requests.packages.urllib3.connectionpool:Starting new HTTPS connection (1): vcloudcell.prologue.prl
DEBUG:requests.packages.urllib3.connectionpool:"GET /api/task/1870d959-79f8-4190-bb93-e5a617a095ed HTTP/1.1" 200 616
INFO:root:Powering on vApp succeeded
